#
# A fatal error has been detected by the Java Runtime Environment:
#
#  Internal Error (constantTag.cpp:65), pid=95646, tid=40963
#  Error: ShouldNotReachHere()
#
# JRE version: Java(TM) SE Runtime Environment (14.0.2+12) (build 14.0.2+12-46)
# Java VM: Java HotSpot(TM) 64-Bit Server VM (14.0.2+12-46, mixed mode, sharing, tiered, compressed oops, g1 gc, bsd-amd64)
# No core dump will be written. Core dumps have been disabled. To enable core dumping, try "ulimit -c unlimited" before starting Java again
#
# If you would like to submit a bug report, please visit:
#   https://bugreport.java.com/bugreport/crash.jsp
#

---------------  S U M M A R Y ------------

Command Line: -XX:+ShowCodeDetailsInExceptionMessages -agentlib:jdwp=transport=dt_socket,suspend=y,address=localhost:64447 -ea -Dfile.encoding=UTF-8 org.testng.remote.RemoteTestNG -serport 64446 -protocol json -d /Users/arjusharma/Documents/java/selenium-wrokspace/ProgressiveProject/test-output /var/folders/11/mqczzk2s4hl14_zvw643ftn80000gn/T/testng-eclipse-614911952/testng-customsuite.xml

Host: MacBookAir8,2 x86_64 1600 MHz, 4 cores, 8G, Darwin 18.7.0
Time: Tue Jan 26 00:49:23 2021 CST elapsed time: 367 seconds (0d 0h 6m 7s)

---------------  T H R E A D  ---------------

Current thread (0x00007f9ea1922000):  JavaThread "JDWP Transport Listener: dt_socket" daemon [_thread_in_vm, id=40963, stack(0x00007000024b7000,0x00007000025b7000)] _threads_hazard_ptr=0x00007f9ea0f2fac0

Stack: [0x00007000024b7000,0x00007000025b7000],  sp=0x00007000025b6040,  free space=1020k
Native frames: (J=compiled Java code, A=aot compiled Java code, j=interpreted, Vv=VM code, C=native code)
V  [libjvm.dylib+0x740950]  VMError::report_and_die(int, char const*, char const*, __va_list_tag*, Thread*, unsigned char*, void*, void*, char const*, int, unsigned long)+0x678
V  [libjvm.dylib+0x740f79]  VMError::report_and_die(Thread*, void*, char const*, int, char const*, char const*, __va_list_tag*)+0x47
V  [libjvm.dylib+0x212152]  report_vm_error(char const*, int, char const*, char const*, ...)+0xa9
V  [libjvm.dylib+0x20e92d]  constantTag::basic_type() const+0x49
V  [libjvm.dylib+0x20b6f1]  ConstantPool::basic_type_for_constant_at(int)+0x47
V  [libjvm.dylib+0x2fcd00]  GenerateOopMap::do_ldc(int)+0x8a
V  [libjvm.dylib+0x2fb9f7]  GenerateOopMap::interp_bb(BasicBlock*)+0xdb
V  [libjvm.dylib+0x2fb718]  GenerateOopMap::interp_all()+0x3c
V  [libjvm.dylib+0x2fb3c9]  GenerateOopMap::do_interpretation()+0x4b
V  [libjvm.dylib+0x2fdae9]  GenerateOopMap::compute_map(Thread*)+0x165
V  [libjvm.dylib+0x5e0aa4]  OopMapForCacheEntry::compute_map(Thread*)+0x54
V  [libjvm.dylib+0x5e1286]  OopMapCacheEntry::fill(methodHandle const&, int)+0xac
V  [libjvm.dylib+0x5e1bb7]  OopMapCache::compute_one_oop_map(methodHandle const&, int, InterpreterOopMap*)+0x5d
V  [libjvm.dylib+0x5a9854]  Method::mask_for(int, InterpreterOopMap*)+0x7e
V  [libjvm.dylib+0x7364cc]  interpretedVFrame::stack_data(bool) const+0x48
V  [libjvm.dylib+0x4b8309]  VM_GetOrSetLocal::check_slot_type_no_lvt(javaVFrame*)+0x4d
V  [libjvm.dylib+0x4b83f5]  VM_GetOrSetLocal::doit_prologue()+0x8d
V  [libjvm.dylib+0x749b55]  VMThread::execute(VM_Operation*)+0x12d
V  [libjvm.dylib+0x4a4b30]  JvmtiEnv::GetLocalObject(JavaThread*, int, int, _jobject**)+0x54
V  [libjvm.dylib+0x466a56]  jvmti_GetLocalObject(_jvmtiEnv*, _jobject*, int, int, _jobject**)+0x14d
C  [libjdwp.dylib+0x70f4]  thisObject+0x1ac
C  [libjdwp.dylib+0xe62e]  debugLoop_run+0x1f1
C  [libjdwp.dylib+0x1f8a6]  attachThread+0x54
V  [libjvm.dylib+0x4b6f02]  JvmtiAgentThread::call_start_function()+0x38
V  [libjvm.dylib+0x6ed18a]  JavaThread::thread_main_inner()+0x86
V  [libjvm.dylib+0x6ecfc8]  JavaThread::run()+0x118
V  [libjvm.dylib+0x6eae07]  Thread::call_run()+0x71
V  [libjvm.dylib+0x5e98be]  thread_native_entry(Thread*)+0x129
C  [libsystem_pthread.dylib+0x32eb]  _pthread_body+0x7e
C  [libsystem_pthread.dylib+0x6249]  _pthread_start+0x42
C  [libsystem_pthread.dylib+0x240d]  thread_start+0xd


---------------  P R O C E S S  ---------------

Threads class SMR info:
_java_thread_list=0x00007f9ea0f2fac0, length=14, elements={
0x00007f9ea2800000, 0x00007f9ea1899000, 0x00007f9ea189c000, 0x00007f9ea189f800,
0x00007f9ea189e000, 0x00007f9ea18a2800, 0x00007f9ea18a3800, 0x00007f9ea2008000,
0x00007f9ea1922000, 0x00007f9ea1923000, 0x00007f9ea1921000, 0x00007f9ea1924000,
0x00007f9ea1025000, 0x00007f9ea1194000
}

Java Threads: ( => current thread )
  0x00007f9ea2800000 JavaThread "main" [_thread_blocked, id=8963, stack(0x000070000168d000,0x000070000178d000)]
  0x00007f9ea1899000 JavaThread "Reference Handler" daemon [_thread_blocked, id=14851, stack(0x0000700001da2000,0x0000700001ea2000)]
  0x00007f9ea189c000 JavaThread "Finalizer" daemon [_thread_blocked, id=15107, stack(0x0000700001ea5000,0x0000700001fa5000)]
  0x00007f9ea189f800 JavaThread "Signal Dispatcher" daemon [_thread_blocked, id=22275, stack(0x0000700001fa8000,0x00007000020a8000)]
  0x00007f9ea189e000 JavaThread "Service Thread" daemon [_thread_blocked, id=43011, stack(0x00007000020ab000,0x00007000021ab000)]
  0x00007f9ea18a2800 JavaThread "C2 CompilerThread0" daemon [_thread_blocked, id=42755, stack(0x00007000021ae000,0x00007000022ae000)]
  0x00007f9ea18a3800 JavaThread "C1 CompilerThread0" daemon [_thread_blocked, id=42243, stack(0x00007000022b1000,0x00007000023b1000)]
  0x00007f9ea2008000 JavaThread "Sweeper thread" daemon [_thread_blocked, id=41475, stack(0x00007000023b4000,0x00007000024b4000)]
=>0x00007f9ea1922000 JavaThread "JDWP Transport Listener: dt_socket" daemon [_thread_in_vm, id=40963, stack(0x00007000024b7000,0x00007000025b7000)] _threads_hazard_ptr=0x00007f9ea0f2fac0
  0x00007f9ea1923000 JavaThread "JDWP Event Helper Thread" daemon [_thread_blocked, id=24579, stack(0x00007000025ba000,0x00007000026ba000)]
  0x00007f9ea1921000 JavaThread "JDWP Command Reader" daemon [_thread_in_native, id=25091, stack(0x00007000026bd000,0x00007000027bd000)]
  0x00007f9ea1924000 JavaThread "Notification Thread" daemon [_thread_blocked, id=25603, stack(0x00007000027c0000,0x00007000028c0000)]
  0x00007f9ea1025000 JavaThread "Common-Cleaner" daemon [_thread_blocked, id=39427, stack(0x00007000029c6000,0x0000700002ac6000)]
  0x00007f9ea1194000 JavaThread "ReaderThread" [_thread_in_native, id=38915, stack(0x0000700002ac9000,0x0000700002bc9000)]

Other Threads:
  0x00007f9ea2018800 VMThread "VM Thread" [stack: 0x0000700001c9f000,0x0000700001d9f000] [id=18179]
  0x00007f9ea189f000 WatcherThread [stack: 0x00007000028c3000,0x00007000029c3000] [id=40195]
  0x00007f9ea1828800 GCTaskThread "GC Thread#0" [stack: 0x0000700001790000,0x0000700001890000] [id=12803]
  0x00007f9ea1195000 GCTaskThread "GC Thread#1" [stack: 0x0000700002bcc000,0x0000700002ccc000] [id=38659]
  0x00007f9ea10fe000 GCTaskThread "GC Thread#2" [stack: 0x0000700002ccf000,0x0000700002dcf000] [id=26627]
  0x00007f9ea18a0800 GCTaskThread "GC Thread#3" [stack: 0x0000700002dd2000,0x0000700002ed2000] [id=26883]
  0x00007f9ea1839800 ConcurrentGCThread "G1 Main Marker" [stack: 0x0000700001893000,0x0000700001993000] [id=19459]
  0x00007f9ea183a800 ConcurrentGCThread "G1 Conc#0" [stack: 0x0000700001996000,0x0000700001a96000] [id=18947]
  0x00007f9ea188b000 ConcurrentGCThread "G1 Refine#0" [stack: 0x0000700001a99000,0x0000700001b99000] [id=18435]
  0x00007f9ea188c000 ConcurrentGCThread "G1 Young RemSet Sampling" [stack: 0x0000700001b9c000,0x0000700001c9c000] [id=14083]

Threads with active compile tasks:

VM state:not at safepoint (normal execution)

VM Mutex/Monitor currently owned by a thread: None

Heap address: 0x0000000780000000, size: 2048 MB, Compressed Oops mode: Zero based, Oop shift amount: 3
Narrow klass base: 0x0000000800000000, Narrow klass shift: 3
Compressed class space size: 1073741824 Address: 0x0000000800b05000

Heap:
 garbage-first heap   total 133120K, used 13534K [0x0000000780000000, 0x0000000800000000)
  region size 1024K, 12 young (12288K), 2 survivors (2048K)
 Metaspace       used 7524K, capacity 8388K, committed 8704K, reserved 1056768K
  class space    used 831K, capacity 921K, committed 1024K, reserved 1048576K
Heap Regions: E=young(eden), S=young(survivor), O=old, HS=humongous(starts), HC=humongous(continues), CS=collection set, F=free, OA=open archive, CA=closed archive, TAMS=top-at-mark-start (previous, next)
|   0|0x0000000780000000, 0x0000000780100000, 0x0000000780100000|100%| O|  |TAMS 0x0000000780000000, 0x0000000780000000| Untracked 
|   1|0x0000000780100000, 0x000000078016ba00, 0x0000000780200000| 42%| O|  |TAMS 0x0000000780100000, 0x0000000780100000| Untracked 
|   2|0x0000000780200000, 0x0000000780200000, 0x0000000780300000|  0%| F|  |TAMS 0x0000000780200000, 0x0000000780200000| Untracked 
|   3|0x0000000780300000, 0x0000000780300000, 0x0000000780400000|  0%| F|  |TAMS 0x0000000780300000, 0x0000000780300000| Untracked 
|   4|0x0000000780400000, 0x0000000780400000, 0x0000000780500000|  0%| F|  |TAMS 0x0000000780400000, 0x0000000780400000| Untracked 
|   5|0x0000000780500000, 0x0000000780500000, 0x0000000780600000|  0%| F|  |TAMS 0x0000000780500000, 0x0000000780500000| Untracked 
|   6|0x0000000780600000, 0x0000000780600000, 0x0000000780700000|  0%| F|  |TAMS 0x0000000780600000, 0x0000000780600000| Untracked 
|   7|0x0000000780700000, 0x0000000780700000, 0x0000000780800000|  0%| F|  |TAMS 0x0000000780700000, 0x0000000780700000| Untracked 
|   8|0x0000000780800000, 0x0000000780800000, 0x0000000780900000|  0%| F|  |TAMS 0x0000000780800000, 0x0000000780800000| Untracked 
|   9|0x0000000780900000, 0x0000000780900000, 0x0000000780a00000|  0%| F|  |TAMS 0x0000000780900000, 0x0000000780900000| Untracked 
|  10|0x0000000780a00000, 0x0000000780a00000, 0x0000000780b00000|  0%| F|  |TAMS 0x0000000780a00000, 0x0000000780a00000| Untracked 
|  11|0x0000000780b00000, 0x0000000780b00000, 0x0000000780c00000|  0%| F|  |TAMS 0x0000000780b00000, 0x0000000780b00000| Untracked 
|  12|0x0000000780c00000, 0x0000000780c00000, 0x0000000780d00000|  0%| F|  |TAMS 0x0000000780c00000, 0x0000000780c00000| Untracked 
|  13|0x0000000780d00000, 0x0000000780d00000, 0x0000000780e00000|  0%| F|  |TAMS 0x0000000780d00000, 0x0000000780d00000| Untracked 
|  14|0x0000000780e00000, 0x0000000780e00000, 0x0000000780f00000|  0%| F|  |TAMS 0x0000000780e00000, 0x0000000780e00000| Untracked 
|  15|0x0000000780f00000, 0x0000000780f00000, 0x0000000781000000|  0%| F|  |TAMS 0x0000000780f00000, 0x0000000780f00000| Untracked 
|  16|0x0000000781000000, 0x0000000781000000, 0x0000000781100000|  0%| F|  |TAMS 0x0000000781000000, 0x0000000781000000| Untracked 
|  17|0x0000000781100000, 0x0000000781100000, 0x0000000781200000|  0%| F|  |TAMS 0x0000000781100000, 0x0000000781100000| Untracked 
|  18|0x0000000781200000, 0x0000000781200000, 0x0000000781300000|  0%| F|  |TAMS 0x0000000781200000, 0x0000000781200000| Untracked 
|  19|0x0000000781300000, 0x0000000781300000, 0x0000000781400000|  0%| F|  |TAMS 0x0000000781300000, 0x0000000781300000| Untracked 
|  20|0x0000000781400000, 0x0000000781400000, 0x0000000781500000|  0%| F|  |TAMS 0x0000000781400000, 0x0000000781400000| Untracked 
|  21|0x0000000781500000, 0x0000000781500000, 0x0000000781600000|  0%| F|  |TAMS 0x0000000781500000, 0x0000000781500000| Untracked 
|  22|0x0000000781600000, 0x0000000781600000, 0x0000000781700000|  0%| F|  |TAMS 0x0000000781600000, 0x0000000781600000| Untracked 
|  23|0x0000000781700000, 0x0000000781700000, 0x0000000781800000|  0%| F|  |TAMS 0x0000000781700000, 0x0000000781700000| Untracked 
|  24|0x0000000781800000, 0x0000000781800000, 0x0000000781900000|  0%| F|  |TAMS 0x0000000781800000, 0x0000000781800000| Untracked 
|  25|0x0000000781900000, 0x0000000781900000, 0x0000000781a00000|  0%| F|  |TAMS 0x0000000781900000, 0x0000000781900000| Untracked 
|  26|0x0000000781a00000, 0x0000000781a00000, 0x0000000781b00000|  0%| F|  |TAMS 0x0000000781a00000, 0x0000000781a00000| Untracked 
|  27|0x0000000781b00000, 0x0000000781b00000, 0x0000000781c00000|  0%| F|  |TAMS 0x0000000781b00000, 0x0000000781b00000| Untracked 
|  28|0x0000000781c00000, 0x0000000781c00000, 0x0000000781d00000|  0%| F|  |TAMS 0x0000000781c00000, 0x0000000781c00000| Untracked 
|  29|0x0000000781d00000, 0x0000000781d00000, 0x0000000781e00000|  0%| F|  |TAMS 0x0000000781d00000, 0x0000000781d00000| Untracked 
|  30|0x0000000781e00000, 0x0000000781e00000, 0x0000000781f00000|  0%| F|  |TAMS 0x0000000781e00000, 0x0000000781e00000| Untracked 
|  31|0x0000000781f00000, 0x0000000781f00000, 0x0000000782000000|  0%| F|  |TAMS 0x0000000781f00000, 0x0000000781f00000| Untracked 
|  32|0x0000000782000000, 0x0000000782000000, 0x0000000782100000|  0%| F|  |TAMS 0x0000000782000000, 0x0000000782000000| Untracked 
|  33|0x0000000782100000, 0x0000000782100000, 0x0000000782200000|  0%| F|  |TAMS 0x0000000782100000, 0x0000000782100000| Untracked 
|  34|0x0000000782200000, 0x0000000782200000, 0x0000000782300000|  0%| F|  |TAMS 0x0000000782200000, 0x0000000782200000| Untracked 
|  35|0x0000000782300000, 0x0000000782300000, 0x0000000782400000|  0%| F|  |TAMS 0x0000000782300000, 0x0000000782300000| Untracked 
|  36|0x0000000782400000, 0x0000000782400000, 0x0000000782500000|  0%| F|  |TAMS 0x0000000782400000, 0x0000000782400000| Untracked 
|  37|0x0000000782500000, 0x0000000782500000, 0x0000000782600000|  0%| F|  |TAMS 0x0000000782500000, 0x0000000782500000| Untracked 
|  38|0x0000000782600000, 0x0000000782600000, 0x0000000782700000|  0%| F|  |TAMS 0x0000000782600000, 0x0000000782600000| Untracked 
|  39|0x0000000782700000, 0x0000000782700000, 0x0000000782800000|  0%| F|  |TAMS 0x0000000782700000, 0x0000000782700000| Untracked 
|  40|0x0000000782800000, 0x0000000782800000, 0x0000000782900000|  0%| F|  |TAMS 0x0000000782800000, 0x0000000782800000| Untracked 
|  41|0x0000000782900000, 0x0000000782900000, 0x0000000782a00000|  0%| F|  |TAMS 0x0000000782900000, 0x0000000782900000| Untracked 
|  42|0x0000000782a00000, 0x0000000782a00000, 0x0000000782b00000|  0%| F|  |TAMS 0x0000000782a00000, 0x0000000782a00000| Untracked 
|  43|0x0000000782b00000, 0x0000000782b00000, 0x0000000782c00000|  0%| F|  |TAMS 0x0000000782b00000, 0x0000000782b00000| Untracked 
|  44|0x0000000782c00000, 0x0000000782c00000, 0x0000000782d00000|  0%| F|  |TAMS 0x0000000782c00000, 0x0000000782c00000| Untracked 
|  45|0x0000000782d00000, 0x0000000782d00000, 0x0000000782e00000|  0%| F|  |TAMS 0x0000000782d00000, 0x0000000782d00000| Untracked 
|  46|0x0000000782e00000, 0x0000000782e00000, 0x0000000782f00000|  0%| F|  |TAMS 0x0000000782e00000, 0x0000000782e00000| Untracked 
|  47|0x0000000782f00000, 0x0000000782f00000, 0x0000000783000000|  0%| F|  |TAMS 0x0000000782f00000, 0x0000000782f00000| Untracked 
|  48|0x0000000783000000, 0x0000000783000000, 0x0000000783100000|  0%| F|  |TAMS 0x0000000783000000, 0x0000000783000000| Untracked 
|  49|0x0000000783100000, 0x0000000783100000, 0x0000000783200000|  0%| F|  |TAMS 0x0000000783100000, 0x0000000783100000| Untracked 
|  50|0x0000000783200000, 0x0000000783200000, 0x0000000783300000|  0%| F|  |TAMS 0x0000000783200000, 0x0000000783200000| Untracked 
|  51|0x0000000783300000, 0x0000000783300000, 0x0000000783400000|  0%| F|  |TAMS 0x0000000783300000, 0x0000000783300000| Untracked 
|  52|0x0000000783400000, 0x0000000783400000, 0x0000000783500000|  0%| F|  |TAMS 0x0000000783400000, 0x0000000783400000| Untracked 
|  53|0x0000000783500000, 0x0000000783500000, 0x0000000783600000|  0%| F|  |TAMS 0x0000000783500000, 0x0000000783500000| Untracked 
|  54|0x0000000783600000, 0x0000000783600000, 0x0000000783700000|  0%| F|  |TAMS 0x0000000783600000, 0x0000000783600000| Untracked 
|  55|0x0000000783700000, 0x0000000783700000, 0x0000000783800000|  0%| F|  |TAMS 0x0000000783700000, 0x0000000783700000| Untracked 
|  56|0x0000000783800000, 0x0000000783800000, 0x0000000783900000|  0%| F|  |TAMS 0x0000000783800000, 0x0000000783800000| Untracked 
|  57|0x0000000783900000, 0x0000000783900000, 0x0000000783a00000|  0%| F|  |TAMS 0x0000000783900000, 0x0000000783900000| Untracked 
|  58|0x0000000783a00000, 0x0000000783a00000, 0x0000000783b00000|  0%| F|  |TAMS 0x0000000783a00000, 0x0000000783a00000| Untracked 
|  59|0x0000000783b00000, 0x0000000783b00000, 0x0000000783c00000|  0%| F|  |TAMS 0x0000000783b00000, 0x0000000783b00000| Untracked 
|  60|0x0000000783c00000, 0x0000000783c00000, 0x0000000783d00000|  0%| F|  |TAMS 0x0000000783c00000, 0x0000000783c00000| Untracked 
|  61|0x0000000783d00000, 0x0000000783d00000, 0x0000000783e00000|  0%| F|  |TAMS 0x0000000783d00000, 0x0000000783d00000| Untracked 
|  62|0x0000000783e00000, 0x0000000783e00000, 0x0000000783f00000|  0%| F|  |TAMS 0x0000000783e00000, 0x0000000783e00000| Untracked 
|  63|0x0000000783f00000, 0x0000000783f00000, 0x0000000784000000|  0%| F|  |TAMS 0x0000000783f00000, 0x0000000783f00000| Untracked 
|  64|0x0000000784000000, 0x0000000784000000, 0x0000000784100000|  0%| F|  |TAMS 0x0000000784000000, 0x0000000784000000| Untracked 
|  65|0x0000000784100000, 0x0000000784100000, 0x0000000784200000|  0%| F|  |TAMS 0x0000000784100000, 0x0000000784100000| Untracked 
|  66|0x0000000784200000, 0x0000000784200000, 0x0000000784300000|  0%| F|  |TAMS 0x0000000784200000, 0x0000000784200000| Untracked 
|  67|0x0000000784300000, 0x0000000784300000, 0x0000000784400000|  0%| F|  |TAMS 0x0000000784300000, 0x0000000784300000| Untracked 
|  68|0x0000000784400000, 0x0000000784400000, 0x0000000784500000|  0%| F|  |TAMS 0x0000000784400000, 0x0000000784400000| Untracked 
|  69|0x0000000784500000, 0x0000000784500000, 0x0000000784600000|  0%| F|  |TAMS 0x0000000784500000, 0x0000000784500000| Untracked 
|  70|0x0000000784600000, 0x0000000784600000, 0x0000000784700000|  0%| F|  |TAMS 0x0000000784600000, 0x0000000784600000| Untracked 
|  71|0x0000000784700000, 0x0000000784700000, 0x0000000784800000|  0%| F|  |TAMS 0x0000000784700000, 0x0000000784700000| Untracked 
|  72|0x0000000784800000, 0x0000000784800000, 0x0000000784900000|  0%| F|  |TAMS 0x0000000784800000, 0x0000000784800000| Untracked 
|  73|0x0000000784900000, 0x0000000784900000, 0x0000000784a00000|  0%| F|  |TAMS 0x0000000784900000, 0x0000000784900000| Untracked 
|  74|0x0000000784a00000, 0x0000000784a00000, 0x0000000784b00000|  0%| F|  |TAMS 0x0000000784a00000, 0x0000000784a00000| Untracked 
|  75|0x0000000784b00000, 0x0000000784b00000, 0x0000000784c00000|  0%| F|  |TAMS 0x0000000784b00000, 0x0000000784b00000| Untracked 
|  76|0x0000000784c00000, 0x0000000784c00000, 0x0000000784d00000|  0%| F|  |TAMS 0x0000000784c00000, 0x0000000784c00000| Untracked 
|  77|0x0000000784d00000, 0x0000000784d00000, 0x0000000784e00000|  0%| F|  |TAMS 0x0000000784d00000, 0x0000000784d00000| Untracked 
|  78|0x0000000784e00000, 0x0000000784e00000, 0x0000000784f00000|  0%| F|  |TAMS 0x0000000784e00000, 0x0000000784e00000| Untracked 
|  79|0x0000000784f00000, 0x0000000784f00000, 0x0000000785000000|  0%| F|  |TAMS 0x0000000784f00000, 0x0000000784f00000| Untracked 
|  80|0x0000000785000000, 0x0000000785000000, 0x0000000785100000|  0%| F|  |TAMS 0x0000000785000000, 0x0000000785000000| Untracked 
|  81|0x0000000785100000, 0x0000000785100000, 0x0000000785200000|  0%| F|  |TAMS 0x0000000785100000, 0x0000000785100000| Untracked 
|  82|0x0000000785200000, 0x0000000785200000, 0x0000000785300000|  0%| F|  |TAMS 0x0000000785200000, 0x0000000785200000| Untracked 
|  83|0x0000000785300000, 0x0000000785300000, 0x0000000785400000|  0%| F|  |TAMS 0x0000000785300000, 0x0000000785300000| Untracked 
|  84|0x0000000785400000, 0x0000000785400000, 0x0000000785500000|  0%| F|  |TAMS 0x0000000785400000, 0x0000000785400000| Untracked 
|  85|0x0000000785500000, 0x0000000785500000, 0x0000000785600000|  0%| F|  |TAMS 0x0000000785500000, 0x0000000785500000| Untracked 
|  86|0x0000000785600000, 0x0000000785600000, 0x0000000785700000|  0%| F|  |TAMS 0x0000000785600000, 0x0000000785600000| Untracked 
|  87|0x0000000785700000, 0x0000000785700000, 0x0000000785800000|  0%| F|  |TAMS 0x0000000785700000, 0x0000000785700000| Untracked 
|  88|0x0000000785800000, 0x0000000785800000, 0x0000000785900000|  0%| F|  |TAMS 0x0000000785800000, 0x0000000785800000| Untracked 
|  89|0x0000000785900000, 0x0000000785900000, 0x0000000785a00000|  0%| F|  |TAMS 0x0000000785900000, 0x0000000785900000| Untracked 
|  90|0x0000000785a00000, 0x0000000785a00000, 0x0000000785b00000|  0%| F|  |TAMS 0x0000000785a00000, 0x0000000785a00000| Untracked 
|  91|0x0000000785b00000, 0x0000000785b00000, 0x0000000785c00000|  0%| F|  |TAMS 0x0000000785b00000, 0x0000000785b00000| Untracked 
|  92|0x0000000785c00000, 0x0000000785c00000, 0x0000000785d00000|  0%| F|  |TAMS 0x0000000785c00000, 0x0000000785c00000| Untracked 
|  93|0x0000000785d00000, 0x0000000785d00000, 0x0000000785e00000|  0%| F|  |TAMS 0x0000000785d00000, 0x0000000785d00000| Untracked 
|  94|0x0000000785e00000, 0x0000000785e00000, 0x0000000785f00000|  0%| F|  |TAMS 0x0000000785e00000, 0x0000000785e00000| Untracked 
|  95|0x0000000785f00000, 0x0000000785f00000, 0x0000000786000000|  0%| F|  |TAMS 0x0000000785f00000, 0x0000000785f00000| Untracked 
|  96|0x0000000786000000, 0x0000000786000000, 0x0000000786100000|  0%| F|  |TAMS 0x0000000786000000, 0x0000000786000000| Untracked 
|  97|0x0000000786100000, 0x0000000786100000, 0x0000000786200000|  0%| F|  |TAMS 0x0000000786100000, 0x0000000786100000| Untracked 
|  98|0x0000000786200000, 0x0000000786200000, 0x0000000786300000|  0%| F|  |TAMS 0x0000000786200000, 0x0000000786200000| Untracked 
|  99|0x0000000786300000, 0x0000000786300000, 0x0000000786400000|  0%| F|  |TAMS 0x0000000786300000, 0x0000000786300000| Untracked 
| 100|0x0000000786400000, 0x0000000786400000, 0x0000000786500000|  0%| F|  |TAMS 0x0000000786400000, 0x0000000786400000| Untracked 
| 101|0x0000000786500000, 0x0000000786500000, 0x0000000786600000|  0%| F|  |TAMS 0x0000000786500000, 0x0000000786500000| Untracked 
| 102|0x0000000786600000, 0x0000000786600000, 0x0000000786700000|  0%| F|  |TAMS 0x0000000786600000, 0x0000000786600000| Untracked 
| 103|0x0000000786700000, 0x0000000786700000, 0x0000000786800000|  0%| F|  |TAMS 0x0000000786700000, 0x0000000786700000| Untracked 
| 104|0x0000000786800000, 0x0000000786800000, 0x0000000786900000|  0%| F|  |TAMS 0x0000000786800000, 0x0000000786800000| Untracked 
| 105|0x0000000786900000, 0x0000000786900000, 0x0000000786a00000|  0%| F|  |TAMS 0x0000000786900000, 0x0000000786900000| Untracked 
| 106|0x0000000786a00000, 0x0000000786a00000, 0x0000000786b00000|  0%| F|  |TAMS 0x0000000786a00000, 0x0000000786a00000| Untracked 
| 107|0x0000000786b00000, 0x0000000786b00000, 0x0000000786c00000|  0%| F|  |TAMS 0x0000000786b00000, 0x0000000786b00000| Untracked 
| 108|0x0000000786c00000, 0x0000000786c00000, 0x0000000786d00000|  0%| F|  |TAMS 0x0000000786c00000, 0x0000000786c00000| Untracked 
| 109|0x0000000786d00000, 0x0000000786d00000, 0x0000000786e00000|  0%| F|  |TAMS 0x0000000786d00000, 0x0000000786d00000| Untracked 
| 110|0x0000000786e00000, 0x0000000786e00000, 0x0000000786f00000|  0%| F|  |TAMS 0x0000000786e00000, 0x0000000786e00000| Untracked 
| 111|0x0000000786f00000, 0x0000000786f00000, 0x0000000787000000|  0%| F|  |TAMS 0x0000000786f00000, 0x0000000786f00000| Untracked 
| 112|0x0000000787000000, 0x0000000787000000, 0x0000000787100000|  0%| F|  |TAMS 0x0000000787000000, 0x0000000787000000| Untracked 
| 113|0x0000000787100000, 0x0000000787200000, 0x0000000787200000|100%| S|CS|TAMS 0x0000000787100000, 0x0000000787100000| Complete 
| 114|0x0000000787200000, 0x0000000787300000, 0x0000000787300000|100%| S|CS|TAMS 0x0000000787200000, 0x0000000787200000| Complete 
| 115|0x0000000787300000, 0x0000000787300000, 0x0000000787400000|  0%| F|  |TAMS 0x0000000787300000, 0x0000000787300000| Untracked 
| 116|0x0000000787400000, 0x0000000787400000, 0x0000000787500000|  0%| F|  |TAMS 0x0000000787400000, 0x0000000787400000| Untracked 
| 117|0x0000000787500000, 0x0000000787500000, 0x0000000787600000|  0%| F|  |TAMS 0x0000000787500000, 0x0000000787500000| Untracked 
| 118|0x0000000787600000, 0x0000000787600800, 0x0000000787700000|  0%| E|  |TAMS 0x0000000787600000, 0x0000000787600000| Complete 
| 119|0x0000000787700000, 0x0000000787800000, 0x0000000787800000|100%| E|CS|TAMS 0x0000000787700000, 0x0000000787700000| Complete 
| 120|0x0000000787800000, 0x0000000787900000, 0x0000000787900000|100%| E|CS|TAMS 0x0000000787800000, 0x0000000787800000| Complete 
| 121|0x0000000787900000, 0x0000000787a00000, 0x0000000787a00000|100%| E|CS|TAMS 0x0000000787900000, 0x0000000787900000| Complete 
| 122|0x0000000787a00000, 0x0000000787b00000, 0x0000000787b00000|100%| E|CS|TAMS 0x0000000787a00000, 0x0000000787a00000| Complete 
| 123|0x0000000787b00000, 0x0000000787c00000, 0x0000000787c00000|100%| E|CS|TAMS 0x0000000787b00000, 0x0000000787b00000| Complete 
| 124|0x0000000787c00000, 0x0000000787d00000, 0x0000000787d00000|100%| E|CS|TAMS 0x0000000787c00000, 0x0000000787c00000| Complete 
| 125|0x0000000787d00000, 0x0000000787e00000, 0x0000000787e00000|100%| E|CS|TAMS 0x0000000787d00000, 0x0000000787d00000| Complete 
| 126|0x0000000787e00000, 0x0000000787f00000, 0x0000000787f00000|100%| E|CS|TAMS 0x0000000787e00000, 0x0000000787e00000| Complete 
| 127|0x0000000787f00000, 0x0000000788000000, 0x0000000788000000|100%| E|CS|TAMS 0x0000000787f00000, 0x0000000787f00000| Complete 
|1022|0x00000007bfe00000, 0x00000007bfe51000, 0x00000007bff00000| 31%|OA|  |TAMS 0x00000007bfe00000, 0x00000007bfe00000| Untracked 
|1023|0x00000007bff00000, 0x00000007bff7b000, 0x00000007c0000000| 48%|CA|  |TAMS 0x00000007bff00000, 0x00000007bff00000| Untracked 

Card table byte_map: [0x000000010b685000,0x000000010ba85000] _byte_map_base: 0x0000000107a85000

Marking Bits (Prev, Next): (CMBitMap*) 0x00007f9ea1829018, (CMBitMap*) 0x00007f9ea1829058
 Prev Bits: [0x000000010be85000, 0x000000010de85000)
 Next Bits: [0x0000000126792000, 0x0000000128792000)

Polling page: 0x000000010964c000

Metaspace:

Usage:
  Non-class:      7.29 MB capacity,     6.54 MB ( 90%) used,   757.16 KB ( 10%) free+waste,    16.50 KB ( <1%) overhead. 
      Class:    921.00 KB capacity,   831.53 KB ( 90%) used,    81.41 KB (  9%) free+waste,     8.06 KB ( <1%) overhead. 
       Both:      8.19 MB capacity,     7.35 MB ( 90%) used,   838.57 KB ( 10%) free+waste,    24.56 KB ( <1%) overhead. 

Virtual space:
  Non-class space:        8.00 MB reserved,       7.50 MB ( 94%) committed 
      Class space:        1.00 GB reserved,       1.00 MB ( <1%) committed 
             Both:        1.01 GB reserved,       8.50 MB ( <1%) committed 

Chunk freelists:
   Non-Class:  45.00 KB
       Class:  19.00 KB
        Both:  64.00 KB

MaxMetaspaceSize: unlimited
CompressedClassSpaceSize: 1.00 GB

CodeHeap 'non-profiled nmethods': size=120032Kb used=347Kb max_used=347Kb free=119684Kb
 bounds [0x000000011f25a000, 0x000000011f4ca000, 0x0000000126792000]
CodeHeap 'profiled nmethods': size=120028Kb used=1895Kb max_used=1895Kb free=118132Kb
 bounds [0x0000000117d23000, 0x0000000117f93000, 0x000000011f25a000]
CodeHeap 'non-nmethods': size=5700Kb used=1275Kb max_used=1301Kb free=4424Kb
 bounds [0x0000000117792000, 0x0000000117a02000, 0x0000000117d23000]
 total_blobs=1467 nmethods=997 adapters=384
 compilation: enabled
              stopped_count=0, restarted_count=0
 full_count=0

Compilation events (20 events):
Event: 1.160 Thread 0x00007f9ea18a3800 nmethod 987 0x0000000117ef5a10 code [0x0000000117ef5ca0, 0x0000000117ef68b0]
Event: 1.161 Thread 0x00007f9ea18a2800 nmethod 986 0x000000011f2a6410 code [0x000000011f2a65c0, 0x000000011f2a6878]
Event: 1.161 Thread 0x00007f9ea18a2800  988   !   4       jdk.internal.loader.URLClassPath$JarLoader::getResource (65 bytes)
Event: 1.166 Thread 0x00007f9ea18a3800  991   !   3       java.util.zip.ZipFile$Source::readAt (39 bytes)
Event: 1.166 Thread 0x00007f9ea18a3800 nmethod 991 0x0000000117ef6d10 code [0x0000000117ef6f00, 0x0000000117ef7500]
Event: 1.166 Thread 0x00007f9ea18a3800  992   !   3       java.util.zip.Inflater::setInput (69 bytes)
Event: 1.167 Thread 0x00007f9ea18a3800 nmethod 992 0x0000000117ef7890 code [0x0000000117ef7a60, 0x0000000117ef7f60]
Event: 1.167 Thread 0x00007f9ea18a3800  993   !   3       jdk.internal.loader.URLClassPath$JarLoader::getResource (354 bytes)
Event: 1.171 Thread 0x00007f9ea18a3800 nmethod 993 0x0000000117ef8110 code [0x0000000117ef86a0, 0x0000000117efaea0]
Event: 1.185 Thread 0x00007f9ea18a3800  997       3       java.lang.ThreadLocal::get (38 bytes)
Event: 1.185 Thread 0x00007f9ea18a3800 nmethod 997 0x0000000117efc810 code [0x0000000117efc9e0, 0x0000000117efcd00]
Event: 1.255 Thread 0x00007f9ea18a2800 nmethod 988 0x000000011f2a6d90 code [0x000000011f2a73e0, 0x000000011f2aa5c0]
Event: 1.255 Thread 0x00007f9ea18a2800  989  s!   4       jdk.internal.loader.URLClassPath::getLoader (194 bytes)
Event: 1.261 Thread 0x00007f9ea18a2800 nmethod 989 0x000000011f2ac790 code [0x000000011f2aca20, 0x000000011f2ad5a8]
Event: 1.261 Thread 0x00007f9ea18a2800  990       4       java.util.zip.ZipCoder$UTF8::getBytes (10 bytes)
Event: 1.264 Thread 0x00007f9ea18a2800 nmethod 990 0x000000011f2ad990 code [0x000000011f2adb60, 0x000000011f2adf18]
Event: 1.264 Thread 0x00007f9ea18a2800  995   !   4       java.util.zip.ZipFile::getEntry (73 bytes)
Event: 1.297 Thread 0x00007f9ea18a2800 nmethod 995 0x000000011f2ae110 code [0x000000011f2ae4a0, 0x000000011f2afd20]
Event: 1.297 Thread 0x00007f9ea18a2800  996   !   4       jdk.internal.loader.URLClassPath$JarLoader::ensureOpen (36 bytes)
Event: 1.299 Thread 0x00007f9ea18a2800 nmethod 996 0x000000011f2b0990 code [0x000000011f2b0b60, 0x000000011f2b0d38]

GC Heap History (2 events):
Event: 1.025 GC heap before
{Heap before GC invocations=0 (full 0):
 garbage-first heap   total 133120K, used 14128K [0x0000000780000000, 0x0000000800000000)
  region size 1024K, 13 young (13312K), 0 survivors (0K)
 Metaspace       used 5718K, capacity 6870K, committed 7168K, reserved 1056768K
  class space    used 644K, capacity 735K, committed 768K, reserved 1048576K
}
Event: 1.030 GC heap after
{Heap after GC invocations=1 (full 0):
 garbage-first heap   total 133120K, used 4318K [0x0000000780000000, 0x0000000800000000)
  region size 1024K, 2 young (2048K), 2 survivors (2048K)
 Metaspace       used 5718K, capacity 6870K, committed 7168K, reserved 1056768K
  class space    used 644K, capacity 735K, committed 768K, reserved 1048576K
}

Deoptimization events (20 events):
Event: 1.121 Thread 0x00007f9ea2800000 Uncommon trap: trap_request=0xffffff45 fr.pc=0x000000011f297ac0 relative=0x0000000000000180
Event: 1.121 Thread 0x00007f9ea2800000 Uncommon trap: reason=unstable_if action=reinterpret pc=0x000000011f297ac0 method=java.lang.StringCoding.hasNegatives([BII)Z @ 12 c2
Event: 1.121 Thread 0x00007f9ea2800000 DEOPT PACKING pc=0x000000011f297ac0 sp=0x000070000178a630
Event: 1.121 Thread 0x00007f9ea2800000 DEOPT UNPACKING pc=0x00000001177dae25 sp=0x000070000178a5f8 mode 2
Event: 1.126 Thread 0x00007f9ea2800000 DEOPT PACKING pc=0x0000000117ee35af sp=0x0000700001786420
Event: 1.126 Thread 0x00007f9ea2800000 DEOPT UNPACKING pc=0x00000001177db33a sp=0x00007000017858c8 mode 0
Event: 1.128 Thread 0x00007f9ea2800000 DEOPT PACKING pc=0x0000000117ee35af sp=0x0000700001785de0
Event: 1.128 Thread 0x00007f9ea2800000 DEOPT UNPACKING pc=0x00000001177db33a sp=0x0000700001785288 mode 0
Event: 1.128 Thread 0x00007f9ea2800000 DEOPT PACKING pc=0x0000000117ee35af sp=0x0000700001787410
Event: 1.128 Thread 0x00007f9ea2800000 DEOPT UNPACKING pc=0x00000001177db33a sp=0x00007000017868b8 mode 0
Event: 1.130 Thread 0x00007f9ea2800000 DEOPT PACKING pc=0x0000000117ee35af sp=0x0000700001787410
Event: 1.130 Thread 0x00007f9ea2800000 DEOPT UNPACKING pc=0x00000001177db33a sp=0x00007000017868b8 mode 0
Event: 1.133 Thread 0x00007f9ea2800000 DEOPT PACKING pc=0x0000000117ee35af sp=0x0000700001787410
Event: 1.133 Thread 0x00007f9ea2800000 DEOPT UNPACKING pc=0x00000001177db33a sp=0x00007000017868b8 mode 0
Event: 1.134 Thread 0x00007f9ea2800000 DEOPT PACKING pc=0x0000000117ee35af sp=0x0000700001787410
Event: 1.134 Thread 0x00007f9ea2800000 DEOPT UNPACKING pc=0x00000001177db33a sp=0x00007000017868b8 mode 0
Event: 1.135 Thread 0x00007f9ea2800000 DEOPT PACKING pc=0x0000000117ee35af sp=0x0000700001787410
Event: 1.135 Thread 0x00007f9ea2800000 DEOPT UNPACKING pc=0x00000001177db33a sp=0x00007000017868b8 mode 0
Event: 1.136 Thread 0x00007f9ea2800000 DEOPT PACKING pc=0x0000000117ee35af sp=0x0000700001787410
Event: 1.136 Thread 0x00007f9ea2800000 DEOPT UNPACKING pc=0x00000001177db33a sp=0x00007000017868b8 mode 0

Classes unloaded (0 events):
No events

Classes redefined (2 events):
Event: 62.168 Thread 0x00007f9ea2018800 redefined class name=com.cerotid.progressive.test.ProgressivePageTest, count=1
Event: 327.599 Thread 0x00007f9ea2018800 redefined class name=com.cerotid.progressive.test.ProgressivePageTest, count=2

Internal exceptions (9 events):
Event: 0.609 Thread 0x00007f9ea2800000 Exception <a 'java/lang/NoSuchMethodError'{0x0000000787ac8a28}: 'int java.lang.invoke.DirectMethodHandle$Holder.invokeStaticInit(java.lang.Object, java.lang.Object)'> (0x0000000787ac8a28) 
thrown [./open/src/hotspot/share/interpreter/linkResolver.cpp, line 766]
Event: 0.744 Thread 0x00007f9ea2800000 Exception <a 'java/lang/ClassNotFoundException'{0x00000007878609d0}: com/sun/org/apache/xerces/internal/impl/msg/spi/SAXMessagesProvider> (0x00000007878609d0) 
thrown [./open/src/hotspot/share/classfile/systemDictionary.cpp, line 226]
Event: 0.934 Thread 0x00007f9ea2800000 Exception <a 'java/lang/NoSuchMethodError'{0x00000007875c2820}: 'int java.lang.invoke.DirectMethodHandle$Holder.invokeVirtual(java.lang.Object, java.lang.Object)'> (0x00000007875c2820) 
thrown [./open/src/hotspot/share/interpreter/linkResolver.cpp, line 766]
Event: 0.935 Thread 0x00007f9ea2800000 Exception <a 'java/lang/NoSuchMethodError'{0x00000007875c8760}: 'java.lang.Object java.lang.invoke.Invokers$Holder.invokeExact_MT(java.lang.Object, java.lang.Object, java.lang.Object, java.lang.Object, java.lang.Object, java.lang.Object)'> (0x00000007875c8760) 
thrown [./open/src/hotspot/share/interpreter/linkResolver.cpp, line 766]
Event: 0.945 Thread 0x00007f9ea2800000 Exception <a 'java/lang/NoSuchMethodError'{0x0000000787440d10}: 'int java.lang.invoke.DirectMethodHandle$Holder.invokeStaticInit(java.lang.Object, java.lang.Object, java.lang.Object)'> (0x0000000787440d10) 
thrown [./open/src/hotspot/share/interpreter/linkResolver.cpp, line 766]
Event: 0.996 Thread 0x00007f9ea2800000 Exception <a 'java/lang/NoSuchMethodError'{0x00000007873654f0}: 'java.lang.Object java.lang.invoke.DirectMethodHandle$Holder.invokeSpecial(java.lang.Object, java.lang.Object, java.lang.Object, java.lang.Object, java.lang.Object, java.lang.Object, java.lang.Object, java.lang.Object, java.lang.Object, java.lang.Object)'> (0x00000007873654f0) 
thrown [./open/src/hotspot/share/interpreter/linkResolver.cpp, line 766]
Event: 0.997 Thread 0x00007f9ea2800000 Exception <a 'java/lang/NoSuchMethodError'{0x000000078736eef0}: 'java.lang.Object java.lang.invoke.Invokers$Holder.linkToTargetMethod(java.lang.Object, java.lang.Object, java.lang.Object, java.lang.Object, java.lang.Object, java.lang.Object, java.lang.Object, java.lang.Object, java.lang.Object)'> (0x000000078736eef0) 
thrown [./open/src/hotspot/share/interpreter/linkResolver.cpp, line 766]
Event: 1.015 Thread 0x00007f9ea2800000 Exception <a 'java/lang/NoSuchMethodError'{0x00000007873bc8c8}: 'java.lang.Object java.lang.invoke.Invokers$Holder.linkToTargetMethod(java.lang.Object, java.lang.Object, java.lang.Object, java.lang.Object, java.lang.Object, java.lang.Object, java.lang.Object)'> (0x00000007873bc8c8) 
thrown [./open/src/hotspot/share/interpreter/linkResolver.cpp, line 766]
Event: 1.017 Thread 0x00007f9ea2800000 Exception <a 'java/lang/NoSuchMethodError'{0x00000007873c62b8}: 'void java.lang.invoke.DirectMethodHandle$Holder.invokeStatic(java.lang.Object, java.lang.Object, java.lang.Object, java.lang.Object)'> (0x00000007873c62b8) 
thrown [./open/src/hotspot/share/interpreter/linkResolver.cpp, line 766]

Events (20 events):
Event: 361.365 Executing VM operation: GetOwnedMonitorInfo
Event: 361.365 Executing VM operation: GetOwnedMonitorInfo done
Event: 364.527 Executing VM operation: GetCurrentContendedMonitor
Event: 364.527 Executing VM operation: GetCurrentContendedMonitor done
Event: 364.528 Executing VM operation: GetOwnedMonitorInfo
Event: 364.528 Executing VM operation: GetOwnedMonitorInfo done
Event: 367.617 Executing VM operation: GetFrameLocation
Event: 367.617 Executing VM operation: GetFrameLocation done
Event: 367.617 Executing VM operation: get/set locals
Event: 367.617 Executing VM operation: get/set locals done
Event: 367.655 Executing VM operation: GetFrameLocation
Event: 367.655 Executing VM operation: GetFrameLocation done
Event: 367.655 Executing VM operation: get/set locals
Event: 367.655 Executing VM operation: get/set locals done
Event: 367.682 Executing VM operation: GetFrameLocation
Event: 367.683 Executing VM operation: GetFrameLocation done
Event: 367.683 Executing VM operation: get/set locals
Event: 367.683 Executing VM operation: get/set locals done
Event: 367.750 Executing VM operation: GetFrameLocation
Event: 367.750 Executing VM operation: GetFrameLocation done


Dynamic libraries:
0x00007fff5b217000 	/usr/lib/libz.1.dylib
0x00000001095fe000 	/Library/Java/JavaVirtualMachines/jdk-14.0.2.jdk/Contents/Home/lib/libjli.dylib
0x00007fff2f376000 	/System/Library/Frameworks/Cocoa.framework/Versions/A/Cocoa
0x00007fff3b124000 	/System/Library/Frameworks/Security.framework/Versions/A/Security
0x00007fff2e008000 	/System/Library/Frameworks/ApplicationServices.framework/Versions/A/ApplicationServices
0x00007fff58b6e000 	/usr/lib/libSystem.B.dylib
0x00007fff5ba0d000 	/usr/lib/system/libcache.dylib
0x00007fff5ba12000 	/usr/lib/system/libcommonCrypto.dylib
0x00007fff5ba1d000 	/usr/lib/system/libcompiler_rt.dylib
0x00007fff5ba25000 	/usr/lib/system/libcopyfile.dylib
0x00007fff5ba2f000 	/usr/lib/system/libcorecrypto.dylib
0x00007fff5bb3a000 	/usr/lib/system/libdispatch.dylib
0x00007fff5bb74000 	/usr/lib/system/libdyld.dylib
0x00007fff5bba1000 	/usr/lib/system/libkeymgr.dylib
0x00007fff5bbaf000 	/usr/lib/system/liblaunch.dylib
0x00007fff5bbb0000 	/usr/lib/system/libmacho.dylib
0x00007fff5bbb6000 	/usr/lib/system/libquarantine.dylib
0x00007fff5bbb9000 	/usr/lib/system/libremovefile.dylib
0x00007fff5bbbb000 	/usr/lib/system/libsystem_asl.dylib
0x00007fff5bbd3000 	/usr/lib/system/libsystem_blocks.dylib
0x00007fff5bbd4000 	/usr/lib/system/libsystem_c.dylib
0x00007fff5bc5c000 	/usr/lib/system/libsystem_configuration.dylib
0x00007fff5bc60000 	/usr/lib/system/libsystem_coreservices.dylib
0x00007fff5bc64000 	/usr/lib/system/libsystem_darwin.dylib
0x00007fff5bc6b000 	/usr/lib/system/libsystem_dnssd.dylib
0x00007fff5bc72000 	/usr/lib/system/libsystem_info.dylib
0x00007fff5bce7000 	/usr/lib/system/libsystem_m.dylib
0x00007fff5bd33000 	/usr/lib/system/libsystem_malloc.dylib
0x00007fff5bd5e000 	/usr/lib/system/libsystem_networkextension.dylib
0x00007fff5bd69000 	/usr/lib/system/libsystem_notify.dylib
0x00007fff5bd86000 	/usr/lib/system/libsystem_sandbox.dylib
0x00007fff5bd8a000 	/usr/lib/system/libsystem_secinit.dylib
0x00007fff5bcbe000 	/usr/lib/system/libsystem_kernel.dylib
0x00007fff5bd71000 	/usr/lib/system/libsystem_platform.dylib
0x00007fff5bd7b000 	/usr/lib/system/libsystem_pthread.dylib
0x00007fff5bd8d000 	/usr/lib/system/libsystem_symptoms.dylib
0x00007fff5bd95000 	/usr/lib/system/libsystem_trace.dylib
0x00007fff5bdac000 	/usr/lib/system/libunwind.dylib
0x00007fff5bdb2000 	/usr/lib/system/libxpc.dylib
0x00007fff5a3a7000 	/usr/lib/libobjc.A.dylib
0x00007fff58e07000 	/usr/lib/libc++abi.dylib
0x00007fff58db3000 	/usr/lib/libc++.1.dylib
0x00007fff2fbeb000 	/System/Library/Frameworks/CoreFoundation.framework/Versions/A/CoreFoundation
0x00007fff31e6f000 	/System/Library/Frameworks/Foundation.framework/Versions/C/Foundation
0x00007fff2d201000 	/System/Library/Frameworks/AppKit.framework/Versions/C/AppKit
0x00007fff2f774000 	/System/Library/Frameworks/CoreData.framework/Versions/A/CoreData
0x00007fff52633000 	/System/Library/PrivateFrameworks/RemoteViewServices.framework/Versions/A/RemoteViewServices
0x00007fff568aa000 	/System/Library/PrivateFrameworks/UIFoundation.framework/Versions/A/UIFoundation
0x00007fff57f8f000 	/System/Library/PrivateFrameworks/XCTTargetBootstrap.framework/Versions/A/XCTTargetBootstrap
0x00007fff2fafa000 	/System/Library/Frameworks/CoreDisplay.framework/Versions/A/CoreDisplay
0x00007fff4d36c000 	/System/Library/PrivateFrameworks/IconServices.framework/Versions/A/IconServices
0x00007fff34791000 	/System/Library/Frameworks/Metal.framework/Versions/A/Metal
0x00007fff448b0000 	/System/Library/PrivateFrameworks/DesktopServicesPriv.framework/Versions/A/DesktopServicesPriv
0x00007fff5970a000 	/usr/lib/libenergytrace.dylib
0x00007fff54d91000 	/System/Library/PrivateFrameworks/SkyLight.framework/Versions/A/SkyLight
0x00007fff30032000 	/System/Library/Frameworks/CoreGraphics.framework/Versions/A/CoreGraphics
0x00007fff2bfcd000 	/System/Library/Frameworks/Accelerate.framework/Versions/A/Accelerate
0x00007fff325b8000 	/System/Library/Frameworks/IOSurface.framework/Versions/A/IOSurface
0x00007fff4471c000 	/System/Library/PrivateFrameworks/DFRFoundation.framework/Versions/A/DFRFoundation
0x00007fff2e4eb000 	/System/Library/Frameworks/AudioToolbox.framework/Versions/A/AudioToolbox
0x00007fff2e764000 	/System/Library/Frameworks/AudioUnit.framework/Versions/A/AudioUnit
0x00007fff447b1000 	/System/Library/PrivateFrameworks/DataDetectorsCore.framework/Versions/A/DataDetectorsCore
0x00007fff2ee79000 	/System/Library/Frameworks/Carbon.framework/Versions/A/Frameworks/HIToolbox.framework/Versions/A/HIToolbox
0x00007fff59863000 	/usr/lib/libicucore.A.dylib
0x00007fff3a697000 	/System/Library/Frameworks/QuartzCore.framework/Versions/A/QuartzCore
0x00007fff2f24e000 	/System/Library/Frameworks/Carbon.framework/Versions/A/Frameworks/SpeechRecognition.framework/Versions/A/SpeechRecognition
0x00007fff58cc2000 	/usr/lib/libauto.dylib
0x00007fff5b10a000 	/usr/lib/libxml2.2.dylib
0x00007fff442f7000 	/System/Library/PrivateFrameworks/CoreUI.framework/Versions/A/CoreUI
0x00007fff2f65f000 	/System/Library/Frameworks/CoreAudio.framework/Versions/A/CoreAudio
0x00007fff31ca4000 	/System/Library/Frameworks/DiskArbitration.framework/Versions/A/DiskArbitration
0x00007fff59b11000 	/usr/lib/liblangid.dylib
0x00007fff4e778000 	/System/Library/PrivateFrameworks/MultitouchSupport.framework/Versions/A/MultitouchSupport
0x00007fff32527000 	/System/Library/Frameworks/IOKit.framework/Versions/A/IOKit
0x00007fff5872e000 	/usr/lib/libDiagnosticMessagesClient.dylib
0x00007fff30e42000 	/System/Library/Frameworks/CoreServices.framework/Versions/A/CoreServices
0x00007fff50432000 	/System/Library/PrivateFrameworks/PerformanceAnalysis.framework/Versions/A/PerformanceAnalysis
0x00007fff3987e000 	/System/Library/Frameworks/OpenGL.framework/Versions/A/OpenGL
0x00007fff2f384000 	/System/Library/Frameworks/ColorSync.framework/Versions/A/ColorSync
0x00007fff306c4000 	/System/Library/Frameworks/CoreImage.framework/Versions/A/CoreImage
0x00007fff3181a000 	/System/Library/Frameworks/CoreText.framework/Versions/A/CoreText
0x00007fff3261b000 	/System/Library/Frameworks/ImageIO.framework/Versions/A/ImageIO
0x00007fff40948000 	/System/Library/PrivateFrameworks/Backup.framework/Versions/A/Backup
0x00007fff58c15000 	/usr/lib/libarchive.2.dylib
0x00007fff2eabd000 	/System/Library/Frameworks/CFNetwork.framework/Versions/A/CFNetwork
0x00007fff3b880000 	/System/Library/Frameworks/SystemConfiguration.framework/Versions/A/SystemConfiguration
0x00007fff5865f000 	/usr/lib/libCRFSuite.dylib
0x00007fff58d94000 	/usr/lib/libbsm.0.dylib
0x00007fff5bba2000 	/usr/lib/system/libkxld.dylib
0x00007fff3fd39000 	/System/Library/PrivateFrameworks/AppleFSCompression.framework/Versions/A/AppleFSCompression
0x00007fff58a2e000 	/usr/lib/libOpenScriptingUtil.dylib
0x00007fff590bc000 	/usr/lib/libcoretls.dylib
0x00007fff590d3000 	/usr/lib/libcoretls_cfhelpers.dylib
0x00007fff5ab3e000 	/usr/lib/libpam.2.dylib
0x00007fff5acfe000 	/usr/lib/libsqlite3.dylib
0x00007fff5b0f8000 	/usr/lib/libxar.1.dylib
0x00007fff58da5000 	/usr/lib/libbz2.1.0.dylib
0x00007fff59b13000 	/usr/lib/liblzma.5.dylib
0x00007fff59fc4000 	/usr/lib/libnetwork.dylib
0x00007fff58bfe000 	/usr/lib/libapple_nghttp2.dylib
0x00007fff5ab45000 	/usr/lib/libpcap.A.dylib
0x00007fff311e1000 	/System/Library/Frameworks/CoreServices.framework/Versions/A/Frameworks/FSEvents.framework/Versions/A/FSEvents
0x00007fff30ec0000 	/System/Library/Frameworks/CoreServices.framework/Versions/A/Frameworks/CarbonCore.framework/Versions/A/CarbonCore
0x00007fff3139c000 	/System/Library/Frameworks/CoreServices.framework/Versions/A/Frameworks/Metadata.framework/Versions/A/Metadata
0x00007fff3143b000 	/System/Library/Frameworks/CoreServices.framework/Versions/A/Frameworks/OSServices.framework/Versions/A/OSServices
0x00007fff31486000 	/System/Library/Frameworks/CoreServices.framework/Versions/A/Frameworks/SearchKit.framework/Versions/A/SearchKit
0x00007fff30e43000 	/System/Library/Frameworks/CoreServices.framework/Versions/A/Frameworks/AE.framework/Versions/A/AE
0x00007fff311ea000 	/System/Library/Frameworks/CoreServices.framework/Versions/A/Frameworks/LaunchServices.framework/Versions/A/LaunchServices
0x00007fff31198000 	/System/Library/Frameworks/CoreServices.framework/Versions/A/Frameworks/DictionaryServices.framework/Versions/A/DictionaryServices
0x00007fff314ee000 	/System/Library/Frameworks/CoreServices.framework/Versions/A/Frameworks/SharedFileList.framework/Versions/A/SharedFileList
0x00007fff35859000 	/System/Library/Frameworks/NetFS.framework/Versions/A/NetFS
0x00007fff4e9de000 	/System/Library/PrivateFrameworks/NetAuth.framework/Versions/A/NetAuth
0x00007fff58393000 	/System/Library/PrivateFrameworks/login.framework/Versions/A/Frameworks/loginsupport.framework/Versions/A/loginsupport
0x00007fff564b3000 	/System/Library/PrivateFrameworks/TCC.framework/Versions/A/TCC
0x00007fff43954000 	/System/Library/PrivateFrameworks/CoreNLP.framework/Versions/A/CoreNLP
0x00007fff4e473000 	/System/Library/PrivateFrameworks/MetadataUtilities.framework/Versions/A/MetadataUtilities
0x00007fff59be8000 	/usr/lib/libmecabra.dylib
0x00007fff2e009000 	/System/Library/Frameworks/ApplicationServices.framework/Versions/A/Frameworks/ATS.framework/Versions/A/ATS
0x00007fff2e358000 	/System/Library/Frameworks/ApplicationServices.framework/Versions/A/Frameworks/ColorSyncLegacy.framework/Versions/A/ColorSyncLegacy
0x00007fff2e3f7000 	/System/Library/Frameworks/ApplicationServices.framework/Versions/A/Frameworks/HIServices.framework/Versions/A/HIServices
0x00007fff2e44a000 	/System/Library/Frameworks/ApplicationServices.framework/Versions/A/Frameworks/LangAnalysis.framework/Versions/A/LangAnalysis
0x00007fff2e45a000 	/System/Library/Frameworks/ApplicationServices.framework/Versions/A/Frameworks/PrintCore.framework/Versions/A/PrintCore
0x00007fff2e4a4000 	/System/Library/Frameworks/ApplicationServices.framework/Versions/A/Frameworks/QD.framework/Versions/A/QD
0x00007fff2e4de000 	/System/Library/Frameworks/ApplicationServices.framework/Versions/A/Frameworks/SpeechSynthesis.framework/Versions/A/SpeechSynthesis
0x00007fff58e2f000 	/usr/lib/libcompression.dylib
0x00007fff34a61000 	/System/Library/Frameworks/MetalPerformanceShaders.framework/Versions/A/MetalPerformanceShaders
0x00007fff2bfe5000 	/System/Library/Frameworks/Accelerate.framework/Versions/A/Frameworks/vImage.framework/Versions/A/vImage
0x00007fff2d05f000 	/System/Library/Frameworks/Accelerate.framework/Versions/A/Frameworks/vecLib.framework/Versions/A/vecLib
0x00007fff2cfab000 	/System/Library/Frameworks/Accelerate.framework/Versions/A/Frameworks/vecLib.framework/Versions/A/libvMisc.dylib
0x00007fff2cdc3000 	/System/Library/Frameworks/Accelerate.framework/Versions/A/Frameworks/vecLib.framework/Versions/A/libvDSP.dylib
0x00007fff2c67f000 	/System/Library/Frameworks/Accelerate.framework/Versions/A/Frameworks/vecLib.framework/Versions/A/libBLAS.dylib
0x00007fff2c96c000 	/System/Library/Frameworks/Accelerate.framework/Versions/A/Frameworks/vecLib.framework/Versions/A/libLAPACK.dylib
0x00007fff2cd16000 	/System/Library/Frameworks/Accelerate.framework/Versions/A/Frameworks/vecLib.framework/Versions/A/libLinearAlgebra.dylib
0x00007fff2cdaf000 	/System/Library/Frameworks/Accelerate.framework/Versions/A/Frameworks/vecLib.framework/Versions/A/libSparseBLAS.dylib
0x00007fff2cd2c000 	/System/Library/Frameworks/Accelerate.framework/Versions/A/Frameworks/vecLib.framework/Versions/A/libQuadrature.dylib
0x00007fff2c8f9000 	/System/Library/Frameworks/Accelerate.framework/Versions/A/Frameworks/vecLib.framework/Versions/A/libBNNS.dylib
0x00007fff2cd32000 	/System/Library/Frameworks/Accelerate.framework/Versions/A/Frameworks/vecLib.framework/Versions/A/libSparse.dylib
0x00007fff4aca2000 	/System/Library/PrivateFrameworks/GPUWrangler.framework/Versions/A/GPUWrangler
0x00007fff4cfa1000 	/System/Library/PrivateFrameworks/IOAccelerator.framework/Versions/A/IOAccelerator
0x00007fff4cfac000 	/System/Library/PrivateFrameworks/IOPresentment.framework/Versions/A/IOPresentment
0x00007fff4472c000 	/System/Library/PrivateFrameworks/DSExternalDisplay.framework/Versions/A/DSExternalDisplay
0x00007fff38cd5000 	/System/Library/Frameworks/OpenGL.framework/Versions/A/Libraries/libCoreFSCache.dylib
0x00007fff34855000 	/System/Library/Frameworks/MetalPerformanceShaders.framework/Frameworks/MPSCore.framework/Versions/A/MPSCore
0x00007fff34875000 	/System/Library/Frameworks/MetalPerformanceShaders.framework/Frameworks/MPSImage.framework/Versions/A/MPSImage
0x00007fff3491a000 	/System/Library/Frameworks/MetalPerformanceShaders.framework/Frameworks/MPSNeuralNetwork.framework/Versions/A/MPSNeuralNetwork
0x00007fff348f2000 	/System/Library/Frameworks/MetalPerformanceShaders.framework/Frameworks/MPSMatrix.framework/Versions/A/MPSMatrix
0x00007fff34a46000 	/System/Library/Frameworks/MetalPerformanceShaders.framework/Frameworks/MPSRayIntersector.framework/Versions/A/MPSRayIntersector
0x00007fff4e49c000 	/System/Library/PrivateFrameworks/MetalTools.framework/Versions/A/MetalTools
0x00007fff3f5e3000 	/System/Library/PrivateFrameworks/AggregateDictionary.framework/Versions/A/AggregateDictionary
0x00007fff58a0e000 	/usr/lib/libMobileGestalt.dylib
0x00007fff3197d000 	/System/Library/Frameworks/CoreVideo.framework/Versions/A/CoreVideo
0x00007fff4bab3000 	/System/Library/PrivateFrameworks/GraphVisualizer.framework/Versions/A/GraphVisualizer
0x00007fff45932000 	/System/Library/PrivateFrameworks/FaceCore.framework/Versions/A/FaceCore
0x00007fff38303000 	/System/Library/Frameworks/OpenCL.framework/Versions/A/OpenCL
0x00007fff58766000 	/usr/lib/libFosl_dynamic.dylib
0x00007fff4f249000 	/System/Library/PrivateFrameworks/OTSVG.framework/Versions/A/OTSVG
0x00007fff2e10d000 	/System/Library/Frameworks/ApplicationServices.framework/Versions/A/Frameworks/ATS.framework/Versions/A/Resources/libFontParser.dylib
0x00007fff2e225000 	/System/Library/Frameworks/ApplicationServices.framework/Versions/A/Frameworks/ATS.framework/Versions/A/Resources/libFontRegistry.dylib
0x00007fff3288a000 	/System/Library/Frameworks/ImageIO.framework/Versions/A/Resources/libJPEG.dylib
0x00007fff32b9c000 	/System/Library/Frameworks/ImageIO.framework/Versions/A/Resources/libTIFF.dylib
0x00007fff32b72000 	/System/Library/Frameworks/ImageIO.framework/Versions/A/Resources/libPng.dylib
0x00007fff327a8000 	/System/Library/Frameworks/ImageIO.framework/Versions/A/Resources/libGIF.dylib
0x00007fff327ad000 	/System/Library/Frameworks/ImageIO.framework/Versions/A/Resources/libJP2.dylib
0x00007fff32b99000 	/System/Library/Frameworks/ImageIO.framework/Versions/A/Resources/libRadiance.dylib
0x00007fff3fe90000 	/System/Library/PrivateFrameworks/AppleJPEG.framework/Versions/A/AppleJPEG
0x00007fff38ce0000 	/System/Library/Frameworks/OpenGL.framework/Versions/A/Libraries/libGFXShared.dylib
0x00007fff38ea3000 	/System/Library/Frameworks/OpenGL.framework/Versions/A/Libraries/libGLU.dylib
0x00007fff38ce9000 	/System/Library/Frameworks/OpenGL.framework/Versions/A/Libraries/libGL.dylib
0x00007fff38cf5000 	/System/Library/Frameworks/OpenGL.framework/Versions/A/Libraries/libGLImage.dylib
0x00007fff38cd2000 	/System/Library/Frameworks/OpenGL.framework/Versions/A/Libraries/libCVMSPluginSupport.dylib
0x00007fff38cdb000 	/System/Library/Frameworks/OpenGL.framework/Versions/A/Libraries/libCoreVMClient.dylib
0x00007fff59580000 	/usr/lib/libcups.2.dylib
0x00007fff33d5c000 	/System/Library/Frameworks/Kerberos.framework/Versions/A/Kerberos
0x00007fff3228b000 	/System/Library/Frameworks/GSS.framework/Versions/A/GSS
0x00007fff5ac93000 	/usr/lib/libresolv.9.dylib
0x00007fff59772000 	/usr/lib/libiconv.2.dylib
0x00007fff4bc28000 	/System/Library/PrivateFrameworks/Heimdal.framework/Versions/A/Heimdal
0x00007fff59742000 	/usr/lib/libheimdal-asn1.dylib
0x00007fff38377000 	/System/Library/Frameworks/OpenDirectory.framework/Versions/A/OpenDirectory
0x00007fff426b7000 	/System/Library/PrivateFrameworks/CommonAuth.framework/Versions/A/CommonAuth
0x00007fff3835b000 	/System/Library/Frameworks/OpenDirectory.framework/Versions/A/Frameworks/CFOpenDirectory.framework/Versions/A/CFOpenDirectory
0x00007fff3b425000 	/System/Library/Frameworks/SecurityFoundation.framework/Versions/A/SecurityFoundation
0x00007fff3eb29000 	/System/Library/PrivateFrameworks/APFS.framework/Versions/A/APFS
0x00007fff5b0f4000 	/usr/lib/libutil.dylib
0x00007fff58e1d000 	/usr/lib/libcharset.1.dylib
0x00007fff4012d000 	/System/Library/PrivateFrameworks/AppleSauce.framework/Versions/A/AppleSauce
0x00007fff402ae000 	/System/Library/PrivateFrameworks/AssertionServices.framework/Versions/A/AssertionServices
0x00007fff409de000 	/System/Library/PrivateFrameworks/BaseBoard.framework/Versions/A/BaseBoard
0x00007fff59b43000 	/usr/lib/libmecab.1.0.0.dylib
0x00007fff5973c000 	/usr/lib/libgermantok.dylib
0x00007fff58beb000 	/usr/lib/libThaiTokenizer.dylib
0x00007fff58696000 	/usr/lib/libChineseTokenizer.dylib
0x00007fff4d659000 	/System/Library/PrivateFrameworks/LanguageModeling.framework/Versions/A/LanguageModeling
0x00007fff43399000 	/System/Library/PrivateFrameworks/CoreEmoji.framework/Versions/A/CoreEmoji
0x00007fff4d735000 	/System/Library/PrivateFrameworks/Lexicon.framework/Versions/A/Lexicon
0x00007fff4d778000 	/System/Library/PrivateFrameworks/LinguisticData.framework/Versions/A/LinguisticData
0x00007fff58e1e000 	/usr/lib/libcmph.dylib
0x00007fff3b4e3000 	/System/Library/Frameworks/ServiceManagement.framework/Versions/A/ServiceManagement
0x00007fff4093f000 	/System/Library/PrivateFrameworks/BackgroundTaskManagement.framework/Versions/A/BackgroundTaskManagement
0x00007fff5b1ee000 	/usr/lib/libxslt.1.dylib
0x00007fff2f17b000 	/System/Library/Frameworks/Carbon.framework/Versions/A/Frameworks/Ink.framework/Versions/A/Ink
0x00007fff56725000 	/System/Library/PrivateFrameworks/TextureIO.framework/Versions/A/TextureIO
0x00007fff58c3f000 	/usr/lib/libate.dylib
0x00007fff4467b000 	/System/Library/PrivateFrameworks/CrashReporterSupport.framework/Versions/A/CrashReporterSupport
0x00007fff53e5f000 	/System/Library/PrivateFrameworks/Sharing.framework/Versions/A/Sharing
0x00007fff40691000 	/System/Library/PrivateFrameworks/AuthKit.framework/Versions/A/AuthKit
0x00007fff3fbe5000 	/System/Library/PrivateFrameworks/Apple80211.framework/Versions/A/Apple80211
0x00007fff44423000 	/System/Library/PrivateFrameworks/CoreUtils.framework/Versions/A/CoreUtils
0x00007fff319be000 	/System/Library/Frameworks/CoreWLAN.framework/Versions/A/CoreWLAN
0x00007fff323ba000 	/System/Library/Frameworks/IOBluetooth.framework/Versions/A/IOBluetooth
0x00007fff522d3000 	/System/Library/PrivateFrameworks/ProtocolBuffer.framework/Versions/A/ProtocolBuffer
0x00007fff4e6d4000 	/System/Library/PrivateFrameworks/MobileKeyBag.framework/Versions/A/MobileKeyBag
0x00007fff43c67000 	/System/Library/PrivateFrameworks/CorePhoneNumbers.framework/Versions/A/CorePhoneNumbers
0x00007fff3fe44000 	/System/Library/PrivateFrameworks/AppleIDAuthSupport.framework/Versions/A/AppleIDAuthSupport
0x00007fff4d62c000 	/System/Library/PrivateFrameworks/KeychainCircle.framework/Versions/A/KeychainCircle
0x00007fff52489000 	/System/Library/PrivateFrameworks/ROCKit.framework/Versions/A/ROCKit
0x00007fff44617000 	/System/Library/PrivateFrameworks/CoreWiFi.framework/Versions/A/CoreWiFi
0x00007fff2f749000 	/System/Library/Frameworks/CoreBluetooth.framework/Versions/A/CoreBluetooth
0x00007fff44872000 	/System/Library/PrivateFrameworks/DebugSymbols.framework/Versions/A/DebugSymbols
0x00007fff441e3000 	/System/Library/PrivateFrameworks/CoreSymbolication.framework/Versions/A/CoreSymbolication
0x00007fff55f40000 	/System/Library/PrivateFrameworks/Symbolication.framework/Versions/A/Symbolication
0x00007fff557e3000 	/System/Library/PrivateFrameworks/SpeechRecognitionCore.framework/Versions/A/SpeechRecognitionCore
0x000000010a000000 	/Library/Java/JavaVirtualMachines/jdk-14.0.2.jdk/Contents/Home/lib/server/libjvm.dylib
0x0000000109641000 	/Library/Java/JavaVirtualMachines/jdk-14.0.2.jdk/Contents/Home/lib/libjimage.dylib
0x000000010964e000 	/Library/Java/JavaVirtualMachines/jdk-14.0.2.jdk/Contents/Home/lib/libjdwp.dylib
0x000000010968a000 	/Library/Java/JavaVirtualMachines/jdk-14.0.2.jdk/Contents/Home/lib/./libjava.dylib
0x00000001096fa000 	/Library/Java/JavaVirtualMachines/jdk-14.0.2.jdk/Contents/Home/lib/libzip.dylib
0x000000010ec33000 	/Library/Java/JavaVirtualMachines/jdk-14.0.2.jdk/Contents/Home/lib/libdt_socket.dylib
0x000000010ec47000 	/Library/Java/JavaVirtualMachines/jdk-14.0.2.jdk/Contents/Home/lib/libnio.dylib
0x000000010ec5a000 	/Library/Java/JavaVirtualMachines/jdk-14.0.2.jdk/Contents/Home/lib/./libnet.dylib
0x000000010edef000 	/Library/Java/JavaVirtualMachines/jdk-14.0.2.jdk/Contents/Home/lib/libextnet.dylib


VM Arguments:
jvm_args: -XX:+ShowCodeDetailsInExceptionMessages -agentlib:jdwp=transport=dt_socket,suspend=y,address=localhost:64447 -ea -Dfile.encoding=UTF-8 
java_command: org.testng.remote.RemoteTestNG -serport 64446 -protocol json -d /Users/arjusharma/Documents/java/selenium-wrokspace/ProgressiveProject/test-output /var/folders/11/mqczzk2s4hl14_zvw643ftn80000gn/T/testng-eclipse-614911952/testng-customsuite.xml
java_class_path (initial): /Applications/Eclipse.app/Contents/Eclipse/configuration/org.eclipse.osgi/946/0/.cp/lib/testng-remote.jar:/Users/arjusharma/Documents/java/selenium-wrokspace/ProgressiveProject/target/test-classes:/Users/arjusharma/Documents/java/selenium-wrokspace/ProgressiveProject/target/classes:/Applications/Eclipse.app/Contents/Eclipse/plugins/org.testng_7.3.0.r202008060316.jar:/Applications/Eclipse.app/Contents/Eclipse/plugins/com.beust.jcommander_1.78.0.jar:/Applications/Eclipse.app/Contents/Eclipse/plugins/org.apache-extras.beanshell.bsh_2.0.0.b6.jar:/Applications/Eclipse.app/Contents/Eclipse/plugins/org.yaml.snakeyaml_1.21.0.jar:/Users/arjusharma/Downloads/jar_files/bson-3.0.4.jar:/Users/arjusharma/Downloads/jar_files/extentreports-2.41.2.jar:/Users/arjusharma/Downloads/jar_files/freemarker-2.3.23.jar:/Users/arjusharma/Downloads/jar_files/jsoup-1.8.3.jar:/Users/arjusharma/Downloads/jar_files/mongodb-driver-3.0.4.jar:/Users/arjusharma/Downloads/jar_files/mongodb-driver-core-3.0.4.jar:/Users/arjusharma/Downloads/jar_files/sqlite-jdbc-3.8.11.1.jar:/Users/arjusharma/.m2/repository/junit/junit/4.11/junit-4.11.jar:/Users/arjusharma/.m2/repository/org/hamcrest/hamcrest-core/1.3/hamcrest-core-1.3.jar:/Users/arjusharma/.m2/repository/org/seleniumhq/selenium/selenium-java/3.141.59/selenium-java-3.141.59.jar:/Users/arjusharma/.m2/repository/org/seleniumhq/selenium/selenium-api/3.141.59/selenium-api-3.141.59.jar:/Users/arjusharma/.m2/repository/org/seleniumhq/selenium/selenium-chrome-driver/3.141.59/selenium-chrome-driver-3.141.59.jar:/Users/arjusharma/.m2/repository/org/seleniumhq/selenium/selenium-edge-driver/3.141.59/selenium-edge-driver-3.141.59.jar:/Users/arjusharma/.m2/repository/org/seleniumhq/selenium/selenium-firefox-driver/3.141.59/selenium-firefox-driver-3.141.59.jar:/Users/arjusharma/.m2/repository/org/seleniumhq/selenium/selenium-ie-driver/3.141.59/selenium-ie-driver-3.141.59.jar:/Users/arjusharma/.m2/repository/org/seleniumhq/selenium/selenium
Launcher Type: SUN_STANDARD

[Global flags]
     intx CICompilerCount                          = 3                                         {product} {ergonomic}
     uint ConcGCThreads                            = 1                                         {product} {ergonomic}
     uint G1ConcRefinementThreads                  = 4                                         {product} {ergonomic}
   size_t G1HeapRegionSize                         = 1048576                                   {product} {ergonomic}
    uintx GCDrainStackTargetSize                   = 64                                        {product} {ergonomic}
   size_t InitialHeapSize                          = 134217728                                 {product} {ergonomic}
   size_t MarkStackSize                            = 4194304                                   {product} {ergonomic}
   size_t MaxHeapSize                              = 2147483648                                {product} {ergonomic}
   size_t MaxNewSize                               = 1287651328                                {product} {ergonomic}
   size_t MinHeapDeltaBytes                        = 1048576                                   {product} {ergonomic}
   size_t MinHeapSize                              = 8388608                                   {product} {ergonomic}
    uintx NonNMethodCodeHeapSize                   = 5832780                                {pd product} {ergonomic}
    uintx NonProfiledCodeHeapSize                  = 122912730                              {pd product} {ergonomic}
    uintx ProfiledCodeHeapSize                     = 122912730                              {pd product} {ergonomic}
    uintx ReservedCodeCacheSize                    = 251658240                              {pd product} {ergonomic}
     bool SegmentedCodeCache                       = true                                      {product} {ergonomic}
     bool ShowCodeDetailsInExceptionMessages       = true                                   {manageable} {command line}
   size_t SoftMaxHeapSize                          = 2147483648                             {manageable} {ergonomic}
     bool UseCompressedClassPointers               = true                                 {lp64_product} {ergonomic}
     bool UseCompressedOops                        = true                                 {lp64_product} {ergonomic}
     bool UseG1GC                                  = true                                      {product} {ergonomic}

Logging:
Log output configuration:
 #0: stdout all=warning uptime,level,tags
 #1: stderr all=off uptime,level,tags

Environment Variables:
PATH=/usr/bin:/bin:/usr/sbin:/sbin
SHELL=/bin/bash

Signal Handlers:
SIGSEGV: [libjvm.dylib+0x7415b8], sa_mask[0]=11111111011111110111111111111111, sa_flags=SA_ONSTACK|SA_RESTART|SA_SIGINFO
SIGBUS: [libjvm.dylib+0x7415b8], sa_mask[0]=11111111011111110111111111111111, sa_flags=SA_RESTART|SA_SIGINFO
SIGFPE: [libjvm.dylib+0x7415b8], sa_mask[0]=11111111011111110111111111111111, sa_flags=SA_RESTART|SA_SIGINFO
SIGPIPE: [libjvm.dylib+0x5eb4b1], sa_mask[0]=11111111011111110111111111111111, sa_flags=SA_RESTART|SA_SIGINFO
SIGXFSZ: [libjvm.dylib+0x5eb4b1], sa_mask[0]=11111111011111110111111111111111, sa_flags=SA_RESTART|SA_SIGINFO
SIGILL: [libjvm.dylib+0x7415b8], sa_mask[0]=11111111011111110111111111111111, sa_flags=SA_RESTART|SA_SIGINFO
SIGUSR2: [libjvm.dylib+0x5eba83], sa_mask[0]=00100000000000000000000000000000, sa_flags=SA_RESTART|SA_SIGINFO
SIGHUP: [libjvm.dylib+0x5eaae5], sa_mask[0]=11111111011111110111111111111111, sa_flags=SA_RESTART|SA_SIGINFO
SIGINT: [libjvm.dylib+0x5eaae5], sa_mask[0]=11111111011111110111111111111111, sa_flags=SA_RESTART|SA_SIGINFO
SIGTERM: [libjvm.dylib+0x5eaae5], sa_mask[0]=11111111011111110111111111111111, sa_flags=SA_RESTART|SA_SIGINFO
SIGQUIT: [libjvm.dylib+0x5eaae5], sa_mask[0]=11111111011111110111111111111111, sa_flags=SA_RESTART|SA_SIGINFO


---------------  S Y S T E M  ---------------

OS:uname:Darwin 18.7.0 Darwin Kernel Version 18.7.0: Mon Feb 10 21:08:45 PST 2020; root:xnu-4903.278.28~1/RELEASE_X86_64 x86_64
OS uptime: 12 days 11:29 hours
rlimit: STACK 8192k, CORE 0k, NPROC 709, NOFILE 10240, AS infinity, DATA infinity, FSIZE infinity
load average:3.05 2.87 2.56

CPU:total 4 (initial active 4) (2 cores per cpu, 2 threads per core) family 6 model 142 stepping 9, cmov, cx8, fxsr, mmx, sse, sse2, sse3, ssse3, sse4.1, sse4.2, popcnt, avx, avx2, aes, clmul, erms, 3dnowpref, lzcnt, ht, tsc, tscinvbit, bmi1, bmi2, adx, fma

Memory: 4k page, physical 8388608k(73164k free), swap 2097152k(1376512k free)

vm_info: Java HotSpot(TM) 64-Bit Server VM (14.0.2+12-46) for bsd-amd64 JRE (14.0.2+12-46), built on Jul  8 2020 23:32:31 by "mach5one" with clang 4.2.1 Compatible Apple LLVM 10.0.0 (clang-1000.11.45.5)

END.
